<?xml version="1.0" encoding="UTF-8"?>
<!-- Generated by org.testng.reporters.JUnitReportReporter -->
<testsuite hostname="DESKTOP-46B8S40" failures="0" tests="3" name="Anmol.TestAutomation.TestClass" time="38.031" errors="0" timestamp="2020-11-27T13:42:28 IST" skipped="0">
  <testcase classname="Anmol.TestAutomation.TestClass" name="Test3" time="17.817"/>
  <system-out/>
  <testcase classname="Anmol.TestAutomation.TestClass" name="Test1" time="11.820"/>
  <system-out/>
  <testcase classname="Anmol.TestAutomation.TestClass" name="Test2" time="8.394"/>
  <system-out/>
</testsuite> <!-- Anmol.TestAutomation.TestClass -->
