<?xml version="1.0" encoding="UTF-8"?>
<!-- Generated by org.testng.reporters.JUnitReportReporter -->
<testsuite hostname="DESKTOP-46B8S40" failures="0" tests="3" name="Anmol.TestAutomation.TestClass" time="42.128" errors="0" timestamp="2020-11-27T14:47:16 IST" skipped="0">
  <testcase classname="Anmol.TestAutomation.TestClass" name="Test3" time="13.100"/>
  <system-out/>
  <testcase classname="Anmol.TestAutomation.TestClass" name="Test1" time="14.311"/>
  <system-out/>
  <testcase classname="Anmol.TestAutomation.TestClass" name="Test2" time="14.717"/>
  <system-out/>
</testsuite> <!-- Anmol.TestAutomation.TestClass -->
