<?xml version="1.0" encoding="UTF-8"?>
<!-- Generated by org.testng.reporters.JUnitReportReporter -->
<testsuite skipped="0" hostname="DESKTOP-46B8S40" name="Anmol.TestAutomation.TestClass" tests="1" failures="0" timestamp="2020-12-15T16:32:47 IST" time="43.671" errors="0">
  <testcase name="Test1" time="43.671" classname="Anmol.TestAutomation.TestClass"/>
  <system-out/>
</testsuite> <!-- Anmol.TestAutomation.TestClass -->
