<?xml version="1.0" encoding="UTF-8"?>
<!-- Generated by org.testng.reporters.JUnitReportReporter -->
<testsuite hostname="DESKTOP-46B8S40" failures="0" tests="2" name="Anmol.TestAutomation.TestClass" time="43.354" errors="0" timestamp="2020-12-03T13:36:39 IST" skipped="0">
  <testcase classname="Anmol.TestAutomation.TestClass" name="Test2" time="18.712"/>
  <system-out/>
  <testcase classname="Anmol.TestAutomation.TestClass" name="Test1" time="24.642"/>
  <system-out/>
</testsuite> <!-- Anmol.TestAutomation.TestClass -->
